<?xml version="1.0" encoding="UTF-8"?>
<testsuite xmlns:xsi="http://www.w3.org/2001/XMLSchema-instance" xsi:noNamespaceSchemaLocation="https://maven.apache.org/surefire/maven-surefire-plugin/xsd/surefire-test-report-3.0.xsd" version="3.0" name="ie.atu.PassengerTest" time="0.178" tests="8" errors="0" skipped="0" failures="0">
  <properties>
[...]
</properties>
  <testcase name="testNameFail" classname="ie.atu.PassengerTest" time="0.094"/>
  <testcase name="testTitleFail" classname="ie.atu.PassengerTest" time="0"/>
  <testcase name="idFail" classname="ie.atu.PassengerTest" time="0.016"/>
  <testcase name="ageFail" classname="ie.atu.PassengerTest" time="0"/>
  <testcase name="phoneNumberFail" classname="ie.atu.PassengerTest" time="0"/>
  <testcase name="testConstructorMs" classname="ie.atu.PassengerTest" time="0.015"/>
  <testcase name="testConstructorMrs" classname="ie.atu.PassengerTest" time="0"/>
  <testcase name="testConstructor" classname="ie.atu.PassengerTest" time="0"/>
</testsuite>